<testsuites id="" name="" tests="3" failures="1" skipped="0" errors="0" time="13.105646">
<testsuite name="navigation.e2e.spec.ts" timestamp="2026-01-26T16:39:57.289Z" hostname="chromium" tests="3" failures="1" skipped="0" time="13.551" errors="0">
<testcase name="Navigation › should load the homepage" classname="navigation.e2e.spec.ts" time="6.689">
</testcase>
<testcase name="Navigation › should navigate to pricing page" classname="navigation.e2e.spec.ts" time="0">
<failure message="navigation.e2e.spec.ts:10:3 should navigate to pricing page" type="FAILURE">
<![CDATA[  [chromium] › navigation.e2e.spec.ts:10:3 › Navigation › should navigate to pricing page ──────────

    Error: worker process exited unexpectedly (code=134, signal=null)
]]>
</failure>
</testcase>
<testcase name="Navigation › should navigate to how it works" classname="navigation.e2e.spec.ts" time="6.862">
</testcase>
</testsuite>
</testsuites>